<?xml version="1.0" encoding="UTF-8"?>
<!-- Generated by org.testng.reporters.JUnitXMLReporter -->
<testsuite hostname="Sharaths-MacBook-Air.local" ignored="0" name="Default test" tests="1" failures="0" timestamp="23 Jan 2018 12:10:20 GMT" time="0.054" errors="0">
  <testcase name="@BeforeTest openBrowser" time="0.0" classname="com.test.insta.instawork.TC001_InstaworkSearchTest">
    <failure type="org.testng.TestNGException" message="
Parameter &amp;apos;browser&amp;apos; is required by BeforeTest on method openBrowser but has not been marked @Optional or defined
in /private/var/folders/x0/9mr_915569q1kctzrly3vkjm0000gn/T/testng-eclipse--1523902590/testng-customsuite.xml">
      <![CDATA[org.testng.TestNGException: Parameter 'browser' is required by BeforeTest on method openBrowser but has not been marked @Optional or definedin /private/var/folders/x0/9mr_915569q1kctzrly3vkjm0000gn/T/testng-eclipse--1523902590/testng-customsuite.xmlat org.testng.internal.Parameters.createParams(Parameters.java:290)at org.testng.internal.Parameters.createParametersForMethod(Parameters.java:359)at org.testng.internal.Parameters.createParameters(Parameters.java:620)at org.testng.internal.Parameters.createConfigurationParameters(Parameters.java:190)at org.testng.internal.Invoker.invokeConfigurations(Invoker.java:209)at org.testng.internal.Invoker.invokeConfigurations(Invoker.java:142)at org.testng.TestRunner.beforeRun(TestRunner.java:529)at org.testng.TestRunner.run(TestRunner.java:497)at org.testng.SuiteRunner.runTest(SuiteRunner.java:455)at org.testng.SuiteRunner.runSequentially(SuiteRunner.java:450)at org.testng.SuiteRunner.privateRun(SuiteRunner.java:415)at org.testng.SuiteRunner.run(SuiteRunner.java:364)at org.testng.SuiteRunnerWorker.runSuite(SuiteRunnerWorker.java:52)at org.testng.SuiteRunnerWorker.run(SuiteRunnerWorker.java:84)at org.testng.TestNG.runSuitesSequentially(TestNG.java:1187)at org.testng.TestNG.runSuitesLocally(TestNG.java:1116)at org.testng.TestNG.runSuites(TestNG.java:1028)at org.testng.TestNG.run(TestNG.java:996)at org.testng.remote.AbstractRemoteTestNG.run(AbstractRemoteTestNG.java:132)at org.testng.remote.RemoteTestNG.initAndRun(RemoteTestNG.java:230)at org.testng.remote.RemoteTestNG.main(RemoteTestNG.java:76)]]>
    </failure>
  </testcase> <!-- @BeforeTest openBrowser -->
  <testcase name="@AfterTest endTest" time="0.0" classname="com.test.insta.instawork.TC001_InstaworkSearchTest">
    <skipped/>
  </testcase> <!-- @AfterTest endTest -->
  <testcase name="instaworkSearchTest" time="0.001" classname="com.test.insta.instawork.TC001_InstaworkSearchTest">
    <skipped/>
  </testcase> <!-- instaworkSearchTest -->
</testsuite> <!-- Default test -->
